<?xml version="1.0" encoding="UTF-8"?>
<!-- Generated by org.testng.reporters.JUnitReportReporter -->
<testsuite hostname="Shahnawaz-PC" name="Arijit.FirstTest" tests="1" failures="0" timestamp="7 May 2015 10:15:06 GMT" time="14.432" errors="0">
  <testcase name="facebook" time="14.432" classname="Arijit.FirstTest"/>
</testsuite> <!-- Arijit.FirstTest -->
