<?xml version="1.0" encoding="UTF-8"?>
<!-- Generated by org.testng.reporters.JUnitReportReporter -->
<testsuite hostname="Shahnawaz-PC" name="Arijit.Assert" tests="1" failures="0" timestamp="12 May 2015 10:30:40 GMT" time="11.220" errors="0">
  <testcase name="verify" time="11.220" classname="Arijit.Assert"/>
</testsuite> <!-- Arijit.Assert -->
